#
# A fatal error has been detected by the Java Runtime Environment:
#
#  EXCEPTION_ACCESS_VIOLATION (0xc0000005) at pc=0x000000006ed34a1b, pid=5968, tid=6912
#
# JRE version: Java(TM) SE Runtime Environment (7.0_79-b15) (build 1.7.0_79-b15)
# Java VM: Java HotSpot(TM) 64-Bit Server VM (24.79-b02 mixed mode windows-amd64 compressed oops)
# Problematic frame:
# V  [jvm.dll+0x144a1b]
#
# Failed to write core dump. Minidumps are not enabled by default on client versions of Windows
#
# If you would like to submit a bug report, please visit:
#   http://bugreport.java.com/bugreport/crash.jsp
#

---------------  T H R E A D  ---------------

Current thread (0x000000000a79a000):  JavaThread "JDWP Transport Listener: dt_socket" daemon [_thread_in_vm, id=6912, stack(0x000000000c860000,0x000000000c960000)]

siginfo: ExceptionCode=0xc0000005, reading address 0xffffffffffffffff

Registers:
RAX=0x000000000c95f201, RBX=0x000000000a79a000, RCX=0x003b003b31003b6c, RDX=0x0000000000000000
RSP=0x000000000c95f260, RBP=0x003b003b31003b6c, RSI=0x000000000c95f378, RDI=0x0000000000138ad0
R8 =0x000000000a79a000, R9 =0x00000e5800360012, R10=0x0000000000000000, R11=0x000000000c95f524
R12=0x0000000000000000, R13=0x000000000a78d938, R14=0x0000000000000000, R15=0x0000000000000000
RIP=0x000000006ed34a1b, EFLAGS=0x0000000000010206

Top of Stack: (sp=0x000000000c95f260)
0x000000000c95f260:   000000000a79a000 0000000000000004
0x000000000c95f270:   000000000c95f328 000000006eed6a59
0x000000000c95f280:   000000000a79a000 000000006eef4602
0x000000000c95f290:   0000000000000000 000000006d1f8e8d
0x000000000c95f2a0:   000000000a740278 000000006d202666
0x000000000c95f2b0:   000000000a79a000 0000000000000000
0x000000000c95f2c0:   0000000000000000 0000000000000000
0x000000000c95f2d0:   003b003b31003b6c 000000006d20175d
0x000000000c95f2e0:   000000000c95f378 000000000c95f350
0x000000000c95f2f0:   0000000000000001 000000000a740278
0x000000000c95f300:   003b003b31003b6c 000000006d1e53b3
0x000000000c95f310:   000000000c95f440 0000000000000001
0x000000000c95f320:   0000000000000001 000000000a740278
0x000000000c95f330:   0000000000000009 0000000000000000
0x000000000c95f340:   0000000000000000 0000000000000000
0x000000000c95f350:   0000000000000001 000000006d1e5571 

Instructions: (pc=0x000000006ed34a1b)
0x000000006ed349fb:   48 8b 5c 24 30 48 89 47 18 48 83 c4 20 5f c3 cc
0x000000006ed34a0b:   cc cc cc cc cc 40 53 48 83 ec 20 48 85 c9 74 54
0x000000006ed34a1b:   48 8b 19 48 85 db 74 4c 48 b8 fe fe fe fe fe fe
0x000000006ed34a2b:   fe fe 48 3b d8 74 3d 80 3d 8f 26 61 00 00 74 15 


Register to memory mapping:

RAX=0x000000000c95f201 is pointing into the stack for thread: 0x000000000a79a000
RBX=0x000000000a79a000 is a thread
RCX=0x003b003b31003b6c is an unknown value
RDX=0x0000000000000000 is an unknown value
RSP=0x000000000c95f260 is pointing into the stack for thread: 0x000000000a79a000
RBP=0x003b003b31003b6c is an unknown value
RSI=0x000000000c95f378 is pointing into the stack for thread: 0x000000000a79a000
RDI=0x0000000000138ad0 is an unknown value
R8 =0x000000000a79a000 is a thread
R9 =0x00000e5800360012 is an unknown value
R10=0x0000000000000000 is an unknown value
R11=0x000000000c95f524 is pointing into the stack for thread: 0x000000000a79a000
R12=0x0000000000000000 is an unknown value
R13=0x000000000a78d938 is an unknown value
R14=0x0000000000000000 is an unknown value
R15=0x0000000000000000 is an unknown value


Stack: [0x000000000c860000,0x000000000c960000],  sp=0x000000000c95f260,  free space=1020k
Native frames: (J=compiled Java code, j=interpreted, Vv=VM code, C=native code)
V  [jvm.dll+0x144a1b]


---------------  P R O C E S S  ---------------

Java Threads: ( => current thread )
  0x000000000cb12800 JavaThread "Service Thread" daemon [_thread_blocked, id=5648, stack(0x000000000d240000,0x000000000d340000)]
  0x000000000a7ae000 JavaThread "C2 CompilerThread1" daemon [_thread_blocked, id=2440, stack(0x000000000d060000,0x000000000d160000)]
  0x000000000cb0a800 JavaThread "C2 CompilerThread0" daemon [_thread_blocked, id=1332, stack(0x000000000c6c0000,0x000000000c7c0000)]
  0x000000000a7a6800 JavaThread "JDWP Command Reader" daemon [_thread_in_native, id=7244, stack(0x000000000c9f0000,0x000000000caf0000)]
  0x000000000a7a4800 JavaThread "JDWP Event Helper Thread" daemon [_thread_blocked, id=3484, stack(0x000000000c470000,0x000000000c570000)]
=>0x000000000a79a000 JavaThread "JDWP Transport Listener: dt_socket" daemon [_thread_in_vm, id=6912, stack(0x000000000c860000,0x000000000c960000)]
  0x000000000a791800 JavaThread "Attach Listener" daemon [_thread_blocked, id=4512, stack(0x000000000bdc0000,0x000000000bec0000)]
  0x000000000a78c000 JavaThread "Signal Dispatcher" daemon [_thread_blocked, id=5228, stack(0x000000000b7c0000,0x000000000b8c0000)]
  0x000000000a737000 JavaThread "Finalizer" daemon [_thread_blocked, id=7468, stack(0x000000000bbd0000,0x000000000bcd0000)]
  0x000000000a72f000 JavaThread "Reference Handler" daemon [_thread_blocked, id=6356, stack(0x000000000ba30000,0x000000000bb30000)]
  0x00000000020a8800 JavaThread "main" [_thread_blocked, id=364, stack(0x0000000002340000,0x0000000002440000)]

Other Threads:
  0x000000000a72b800 VMThread [stack: 0x000000000b8c0000,0x000000000b9c0000] [id=1112]
  0x000000000cb27000 WatcherThread [stack: 0x000000000d470000,0x000000000d570000] [id=6492]

VM state:not at safepoint (normal execution)

VM Mutex/Monitor currently owned by a thread: None

Heap
 PSYoungGen      total 38400K, used 20022K [0x00000007d5c80000, 0x00000007d8700000, 0x0000000800000000)
  eden space 33280K, 60% used [0x00000007d5c80000,0x00000007d700dbf8,0x00000007d7d00000)
  from space 5120K, 0% used [0x00000007d8200000,0x00000007d8200000,0x00000007d8700000)
  to   space 5120K, 0% used [0x00000007d7d00000,0x00000007d7d00000,0x00000007d8200000)
 ParOldGen       total 86016K, used 0K [0x0000000781600000, 0x0000000786a00000, 0x00000007d5c80000)
  object space 86016K, 0% used [0x0000000781600000,0x0000000781600000,0x0000000786a00000)
 PSPermGen       total 21504K, used 7482K [0x000000077c400000, 0x000000077d900000, 0x0000000781600000)
  object space 21504K, 34% used [0x000000077c400000,0x000000077cb4e8b8,0x000000077d900000)

Card table byte_map: [0x0000000005440000,0x0000000005860000] byte_map_base: 0x000000000185e000

Polling page: 0x0000000000120000

Code Cache  [0x0000000002440000, 0x00000000026b0000, 0x0000000005440000)
 total_blobs=327 nmethods=80 adapters=208 free_code_cache=48543Kb largest_free_block=49684032

Compilation events (10 events):
Event: 6.899 Thread 0x000000000cb0a800 nmethod 75 0x00000000024b7410 code [0x00000000024b7560, 0x00000000024b76b8]
Event: 6.899 Thread 0x000000000a7ae000 nmethod 76 0x00000000024b6f90 code [0x00000000024b7100, 0x00000000024b7278]
Event: 6.906 Thread 0x000000000cb0a800   77   !         sun.misc.URLClassPath$JarLoader::ensureOpen (32 bytes)
Event: 6.908 Thread 0x000000000cb0a800 nmethod 77 0x00000000024d7a90 code [0x00000000024d7c00, 0x00000000024d7dd8]
Event: 6.926 Thread 0x000000000a7ae000   78             sun.misc.URLClassPath::getResource (74 bytes)
Event: 6.944 Thread 0x000000000a7ae000 nmethod 78 0x00000000024dbf50 code [0x00000000024dc1c0, 0x00000000024dd148]
Event: 6.978 Thread 0x000000000cb0a800   79             java.lang.String::startsWith (7 bytes)
Event: 6.982 Thread 0x000000000cb0a800 nmethod 79 0x00000000024d74d0 code [0x00000000024d7620, 0x00000000024d78b8]
Event: 7.014 Thread 0x000000000a7ae000   80             java.lang.String::getChars (62 bytes)
Event: 7.016 Thread 0x000000000a7ae000 nmethod 80 0x00000000024c3610 code [0x00000000024c3760, 0x00000000024c3998]

GC Heap History (0 events):
No events

Deoptimization events (0 events):
No events

Internal exceptions (10 events):
Event: 6.988 Thread 0x00000000020a8800 Threw 0x00000007d6f65a80 at C:\re\jdk7u79\2331\hotspot\src\share\vm\prims\jvm.cpp:1304
Event: 6.989 Thread 0x00000000020a8800 Threw 0x00000007d6f6f4e8 at C:\re\jdk7u79\2331\hotspot\src\share\vm\prims\jvm.cpp:1304
Event: 6.992 Thread 0x00000000020a8800 Threw 0x00000007d6f76c60 at C:\re\jdk7u79\2331\hotspot\src\share\vm\prims\jvm.cpp:1304
Event: 6.994 Thread 0x00000000020a8800 Threw 0x00000007d6f7fa88 at C:\re\jdk7u79\2331\hotspot\src\share\vm\prims\jvm.cpp:1304
Event: 6.995 Thread 0x00000000020a8800 Threw 0x00000007d6f87de8 at C:\re\jdk7u79\2331\hotspot\src\share\vm\prims\jvm.cpp:1304
Event: 7.014 Thread 0x00000000020a8800 Threw 0x00000007d6fc1498 at C:\re\jdk7u79\2331\hotspot\src\share\vm\prims\jvm.cpp:1304
Event: 7.016 Thread 0x00000000020a8800 Threw 0x00000007d6fcad50 at C:\re\jdk7u79\2331\hotspot\src\share\vm\prims\jvm.cpp:1304
Event: 7.017 Thread 0x00000000020a8800 Threw 0x00000007d6fd1b08 at C:\re\jdk7u79\2331\hotspot\src\share\vm\prims\jvm.cpp:1304
Event: 7.019 Thread 0x00000000020a8800 Threw 0x00000007d6fda080 at C:\re\jdk7u79\2331\hotspot\src\share\vm\prims\jvm.cpp:1304
Event: 7.020 Thread 0x00000000020a8800 Threw 0x00000007d6fdfe40 at C:\re\jdk7u79\2331\hotspot\src\share\vm\prims\jvm.cpp:1304

Events (10 events):
Event: 36.726 Executing VM operation: GetOrSetLocal
Event: 36.726 Executing VM operation: GetOrSetLocal done
Event: 36.726 Executing VM operation: GetOrSetLocal
Event: 36.726 Executing VM operation: GetOrSetLocal done
Event: 36.757 Executing VM operation: GetOrSetLocal
Event: 36.757 Executing VM operation: GetOrSetLocal done
Event: 36.757 Executing VM operation: GetOrSetLocal
Event: 36.757 Executing VM operation: GetOrSetLocal done
Event: 2042.903 Executing VM operation: RedefineClasses
Event: 2042.904 Executing VM operation: RedefineClasses done


Dynamic libraries:
0x000000013f030000 - 0x000000013f063000 	C:\Program Files\Java\jre7\bin\javaw.exe
0x00000000779d0000 - 0x0000000077b79000 	C:\Windows\SYSTEM32\ntdll.dll
0x00000000777b0000 - 0x00000000778cf000 	C:\Windows\system32\kernel32.dll
0x000007fefdb80000 - 0x000007fefdbeb000 	C:\Windows\system32\KERNELBASE.dll
0x000007fefde00000 - 0x000007fefdedb000 	C:\Windows\system32\ADVAPI32.dll
0x000007feff900000 - 0x000007feff99f000 	C:\Windows\system32\msvcrt.dll
0x000007feffc20000 - 0x000007feffc3f000 	C:\Windows\SYSTEM32\sechost.dll
0x000007fefe2d0000 - 0x000007fefe3fd000 	C:\Windows\system32\RPCRT4.dll
0x00000000778d0000 - 0x00000000779ca000 	C:\Windows\system32\USER32.dll
0x000007feff780000 - 0x000007feff7e7000 	C:\Windows\system32\GDI32.dll
0x000007fefe060000 - 0x000007fefe06e000 	C:\Windows\system32\LPK.dll
0x000007feffb50000 - 0x000007feffc19000 	C:\Windows\system32\USP10.dll
0x000007fefc060000 - 0x000007fefc254000 	C:\Windows\WinSxS\amd64_microsoft.windows.common-controls_6595b64144ccf1df_6.0.7601.17514_none_fa396087175ac9ac\COMCTL32.dll
0x000007feff7f0000 - 0x000007feff861000 	C:\Windows\system32\SHLWAPI.dll
0x000007feff490000 - 0x000007feff4be000 	C:\Windows\system32\IMM32.DLL
0x000007fefdcf0000 - 0x000007fefddf9000 	C:\Windows\system32\MSCTF.dll
0x0000000077d70000 - 0x0000000077e42000 	C:\Program Files\Java\jre7\bin\msvcr100.dll
0x000000006ebf0000 - 0x000000006f3c5000 	C:\Program Files\Java\jre7\bin\server\jvm.dll
0x000007fef8180000 - 0x000007fef8189000 	C:\Windows\system32\WSOCK32.dll
0x000007feff440000 - 0x000007feff48d000 	C:\Windows\system32\WS2_32.dll
0x000007feff870000 - 0x000007feff878000 	C:\Windows\system32\NSI.dll
0x000007fefc600000 - 0x000007fefc63b000 	C:\Windows\system32\WINMM.dll
0x0000000077b90000 - 0x0000000077b97000 	C:\Windows\system32\PSAPI.DLL
0x000000005b400000 - 0x000000005b40f000 	C:\Program Files\Java\jre7\bin\verify.dll
0x0000000077d40000 - 0x0000000077d68000 	C:\Program Files\Java\jre7\bin\java.dll
0x000000006d1e0000 - 0x000000006d215000 	C:\Program Files\Java\jre7\bin\jdwp.dll
0x0000000058f50000 - 0x0000000058f58000 	C:\Program Files\Java\jre7\bin\npt.dll
0x0000000059900000 - 0x0000000059915000 	C:\Program Files\Java\jre7\bin\zip.dll
0x0000000059460000 - 0x0000000059469000 	C:\Program Files\Java\jre7\bin\dt_socket.dll
0x000007fefbaa0000 - 0x000007fefbab5000 	C:\Windows\system32\NLAapi.dll
0x000007fef9240000 - 0x000007fef9255000 	C:\Windows\system32\napinsp.dll
0x000007fef81b0000 - 0x000007fef81c9000 	C:\Windows\system32\pnrpnsp.dll
0x000007fefd190000 - 0x000007fefd1e5000 	C:\Windows\System32\mswsock.dll
0x000007fefd010000 - 0x000007fefd06b000 	C:\Windows\system32\DNSAPI.dll
0x000007fef81a0000 - 0x000007fef81ab000 	C:\Windows\System32\winrnr.dll
0x000007fef8190000 - 0x000007fef81a0000 	C:\Windows\system32\wshbth.dll
0x000007fefaff0000 - 0x000007fefb017000 	C:\Windows\system32\IPHLPAPI.DLL
0x000007fefafd0000 - 0x000007fefafdb000 	C:\Windows\system32\WINNSI.DLL
0x000007fefae60000 - 0x000007fefaeb3000 	C:\Windows\System32\fwpuclnt.dll
0x000007fef7220000 - 0x000007fef7228000 	C:\Windows\system32\rasadhlp.dll
0x000007fefcb50000 - 0x000007fefcb57000 	C:\Windows\System32\wshtcpip.dll
0x0000000059fb0000 - 0x0000000059fca000 	C:\Program Files\Java\jre7\bin\net.dll
0x000007fefd180000 - 0x000007fefd187000 	C:\Windows\System32\wship6.dll
0x0000000050020000 - 0x0000000050031000 	C:\Program Files\Java\jre7\bin\nio.dll
0x000000006e650000 - 0x000000006e674000 	C:\Program Files\Java\jre7\bin\sunec.dll
0x0000000058f40000 - 0x0000000058f4b000 	C:\Program Files\Java\jre7\bin\sunmscapi.dll
0x000007fefd9d0000 - 0x000007fefdb37000 	C:\Windows\system32\CRYPT32.dll
0x000007fefd9c0000 - 0x000007fefd9cf000 	C:\Windows\system32\MSASN1.dll
0x000007fefd1f0000 - 0x000007fefd207000 	C:\Windows\system32\CRYPTSP.dll
0x000007fefcef0000 - 0x000007fefcf37000 	C:\Windows\system32\rsaenh.dll
0x000007fefcc70000 - 0x000007fefcc8e000 	C:\Windows\system32\USERENV.dll
0x000007fefd920000 - 0x000007fefd92f000 	C:\Windows\system32\profapi.dll
0x000007fefd850000 - 0x000007fefd85f000 	C:\Windows\system32\CRYPTBASE.dll
0x000007fefade0000 - 0x000007fefadf1000 	C:\Windows\system32\dhcpcsvc6.DLL
0x000007fefadc0000 - 0x000007fefadd8000 	C:\Windows\system32\dhcpcsvc.DLL
0x000007fef94d0000 - 0x000007fef95f5000 	C:\Windows\system32\dbghelp.dll

VM Arguments:
jvm_args: -agentlib:jdwp=transport=dt_socket,suspend=y,address=localhost:53556 -Dfile.encoding=UTF-8 
java_command: vn.dtt.ns.minhbach.TestLiferayJSON
Launcher Type: SUN_STANDARD

Environment Variables:
JAVA_HOME=C:\Program Files\Java\jdk1.7.0_79
JRE_HOME=C:\Program Files\Java\jre6
PATH=C:\Program Files\ImageMagick-6.9.1-Q16;C:\Program Files (x86)\Intel\iCLS Client\;C:\Program Files\Intel\iCLS Client\;C:\Windows\system32;C:\Windows;C:\Windows\System32\Wbem;C:\Windows\System32\WindowsPowerShell\v1.0\;C:\Program Files\7-Zip;C:\Program Files\Intel\Intel(R) Management Engine Components\DAL;C:\Program Files\Intel\Intel(R) Management Engine Components\IPT;C:\Program Files (x86)\Intel\Intel(R) Management Engine Components\DAL;C:\Program Files (x86)\Intel\Intel(R) Management Engine Components\IPT;D:\Sybase\shared;D:\ahung-apcamoj-workspace\apache-ant-1.9.4\bin;C:\Program Files (x86)\MySQL\MySQL Utilities 1.3.5\;C:\Program Files\Java\jre6\bin\;C:\Program Files\nodejs\;C:\Program Files\jEdit;C:\Program Files (x86)\Skype\Phone\;D:\ahung-apcamoj-workspace\apache-ant-1.9.4\bin;C:\Program Files\Java\jdk1.6.0_31\bin;C:\Program Files\Java\jre6\bin;C:\Users\V.Q.Hung\AppData\Roaming\npm
USERNAME=V.Q.Hung
OS=Windows_NT
PROCESSOR_IDENTIFIER=Intel64 Family 6 Model 69 Stepping 1, GenuineIntel



---------------  S Y S T E M  ---------------

OS: Windows 7 , 64 bit Build 7601 Service Pack 1

CPU:total 4 (2 cores per cpu, 2 threads per core) family 6 model 69 stepping 1, cmov, cx8, fxsr, mmx, sse, sse2, sse3, ssse3, sse4.1, sse4.2, popcnt, avx, avx2, aes, erms, ht, tsc, tscinvbit

Memory: 4k page, physical 8290980k(2024724k free), swap 16580116k(8957576k free)

vm_info: Java HotSpot(TM) 64-Bit Server VM (24.79-b02) for windows-amd64 JRE (1.7.0_79-b15), built on Apr 10 2015 12:36:16 by "java_re" with unknown MS VC++:1600

time: Fri May 27 11:35:18 2016
elapsed time: 2042 seconds

